<?xml version="1.0" encoding="UTF-8"?>
<testng-results ignored="0" total="1" passed="0" failed="1" skipped="0">
  <reporter-output>
  </reporter-output>
  <suite started-at="2023-10-04T23:54:22 IST" name="Default suite" finished-at="2023-10-04T23:54:22 IST" duration-ms="70">
    <groups>
      <group name="tv">
        <method signature="Samsung_Test.openSamsung()[pri:0, instance:tv.Samsung_Test@49c7b90e]" name="openSamsung" class="tv.Samsung_Test"/>
      </group> <!-- tv -->
    </groups>
    <test started-at="2023-10-04T23:54:22 IST" name="Default test" finished-at="2023-10-04T23:54:22 IST" duration-ms="70">
      <class name="tv.Samsung_Test">
        <test-method signature="openSamsung()[pri:0, instance:tv.Samsung_Test@49c7b90e]" started-at="2023-10-04T23:54:22 IST" name="openSamsung" finished-at="2023-10-04T23:54:22 IST" duration-ms="44" status="FAIL">
          <exception class="java.lang.IllegalStateException">
            <message>
              <![CDATA[The path to the driver executable The path to the driver executable must be set by the webdriver.gecko.driver system property; for more information, see https://github.com/mozilla/geckodriver. The latest version can be downloaded from https://github.com/mozilla/geckodriver/releases]]>
            </message>
            <full-stacktrace>
              <![CDATA[java.lang.IllegalStateException: The path to the driver executable The path to the driver executable must be set by the webdriver.gecko.driver system property; for more information, see https://github.com/mozilla/geckodriver. The latest version can be downloaded from https://github.com/mozilla/geckodriver/releases
at org.openqa.selenium.internal.Require$StateChecker.nonNull(Require.java:311)
at org.openqa.selenium.remote.service.DriverService.findExecutable(DriverService.java:135)
at org.openqa.selenium.firefox.GeckoDriverService.access$100(GeckoDriverService.java:45)
at org.openqa.selenium.firefox.GeckoDriverService$Builder.findDefaultExecutable(GeckoDriverService.java:181)
at org.openqa.selenium.remote.service.DriverService$Builder.build(DriverService.java:437)
at org.openqa.selenium.firefox.GeckoDriverService.createDefaultService(GeckoDriverService.java:94)
at org.openqa.selenium.firefox.FirefoxDriver.<init>(FirefoxDriver.java:106)
at org.openqa.selenium.firefox.FirefoxDriver.<init>(FirefoxDriver.java:86)
at tv.Samsung_Test.openSamsung(Samsung_Test.java:15)
at java.base/jdk.internal.reflect.NativeMethodAccessorImpl.invoke0(Native Method)
at java.base/jdk.internal.reflect.NativeMethodAccessorImpl.invoke(NativeMethodAccessorImpl.java:62)
at java.base/jdk.internal.reflect.DelegatingMethodAccessorImpl.invoke(DelegatingMethodAccessorImpl.java:43)
at java.base/java.lang.reflect.Method.invoke(Method.java:566)
at org.testng.internal.MethodInvocationHelper.invokeMethod(MethodInvocationHelper.java:132)
at org.testng.internal.TestInvoker.invokeMethod(TestInvoker.java:599)
at org.testng.internal.TestInvoker.invokeTestMethod(TestInvoker.java:174)
at org.testng.internal.MethodRunner.runInSequence(MethodRunner.java:46)
at org.testng.internal.TestInvoker$MethodInvocationAgent.invoke(TestInvoker.java:822)
at org.testng.internal.TestInvoker.invokeTestMethods(TestInvoker.java:147)
at org.testng.internal.TestMethodWorker.invokeTestMethods(TestMethodWorker.java:146)
at org.testng.internal.TestMethodWorker.run(TestMethodWorker.java:128)
at java.base/java.util.ArrayList.forEach(ArrayList.java:1541)
at org.testng.TestRunner.privateRun(TestRunner.java:764)
at org.testng.TestRunner.run(TestRunner.java:585)
at org.testng.SuiteRunner.runTest(SuiteRunner.java:384)
at org.testng.SuiteRunner.runSequentially(SuiteRunner.java:378)
at org.testng.SuiteRunner.privateRun(SuiteRunner.java:337)
at org.testng.SuiteRunner.run(SuiteRunner.java:286)
at org.testng.SuiteRunnerWorker.runSuite(SuiteRunnerWorker.java:53)
at org.testng.SuiteRunnerWorker.run(SuiteRunnerWorker.java:96)
at org.testng.TestNG.runSuitesSequentially(TestNG.java:1218)
at org.testng.TestNG.runSuitesLocally(TestNG.java:1140)
at org.testng.TestNG.runSuites(TestNG.java:1069)
at org.testng.TestNG.run(TestNG.java:1037)
at org.testng.remote.AbstractRemoteTestNG.run(AbstractRemoteTestNG.java:115)
at org.testng.remote.RemoteTestNG.initAndRun(RemoteTestNG.java:251)
at org.testng.remote.RemoteTestNG.main(RemoteTestNG.java:77)
]]>
            </full-stacktrace>
          </exception> <!-- java.lang.IllegalStateException -->
          <reporter-output>
          </reporter-output>
        </test-method> <!-- openSamsung -->
      </class> <!-- tv.Samsung_Test -->
    </test> <!-- Default test -->
  </suite> <!-- Default suite -->
</testng-results>
