<?xml version="1.0" encoding="UTF-8"?>
<!-- Generated by org.testng.reporters.JUnitXMLReporter -->
<testsuite ignored="4" hostname="TYSS-Sumanth" failures="0" tests="4" name="Test" time="25.339" errors="0" timestamp="2023-10-04T22:39:02 IST">
  <testcase classname="login.TC_Fossil_Test" name="explore" time="8.752"/>
  <testcase classname="accounts.TC_Explore_Test" name="explore" time="4.464"/>
  <testcase classname="login.TC_Login_001_Test" name="login" time="6.772"/>
  <testcase classname="accounts.TC_Accounts_SA_001_Test" name="account" time="5.312"/>
  <testcase classname="tv.Sony_Test" name="openSony" time="0.0">
    <ignored/>
  </testcase> <!-- openSony -->
  <testcase classname="tv.Mi_Test" name="openMi" time="0.0">
    <ignored/>
  </testcase> <!-- openMi -->
  <testcase classname="tv.Samsung_Test" name="openSamsung" time="0.0">
    <ignored/>
  </testcase> <!-- openSamsung -->
  <testcase classname="tv.LG_Test" name="openLG" time="0.0">
    <ignored/>
  </testcase> <!-- openLG -->
</testsuite> <!-- Test -->
